#
# There is insufficient memory for the Java Runtime Environment to continue.
# Native memory allocation (malloc) failed to allocate 1048576 bytes for AllocateHeap
# Possible reasons:
#   The system is out of physical RAM or swap space
#   The process is running with CompressedOops enabled, and the Java Heap may be blocking the growth of the native heap
# Possible solutions:
#   Reduce memory load on the system
#   Increase physical memory or swap space
#   Check if swap backing store is full
#   Decrease Java heap size (-Xmx/-Xms)
#   Decrease number of Java threads
#   Decrease Java thread stack sizes (-Xss)
#   Set larger code cache with -XX:ReservedCodeCacheSize=
#   JVM is running with Unscaled Compressed Oops mode in which the Java heap is
#     placed in the first 4GB address space. The Java Heap base address is the
#     maximum limit for the native heap growth. Please use -XX:HeapBaseMinAddress
#     to set the Java Heap base and to place the Java Heap above 4GB virtual address.
# This output file may be truncated or incomplete.
#
#  Out of Memory Error (./open/src/hotspot/share/memory/allocation.cpp:44), pid=15044, tid=9064
#
# JRE version:  (15.0.2+7) (build )
# Java VM: OpenJDK 64-Bit Server VM (15.0.2+7-27, mixed mode, sharing, tiered, compressed oops, g1 gc, windows-amd64)
# No core dump will be written. Minidumps are not enabled by default on client versions of Windows
#

---------------  S U M M A R Y ------------

Command Line: -Dfile.encoding=UTF-8 --module-path=D:\Users\ASUS\eclipse-workspace\PTTKHTTT\LIB\mysql-connector-java-5.1.23-bin.jar;D:\Download in D\poi-bin-5.0.0-20210120\poi-5.0.0\poi-5.0.0.jar;D:\Download in D\poi-bin-5.0.0-20210120\poi-5.0.0\poi-examples-5.0.0.jar;D:\Download in D\poi-bin-5.0.0-20210120\poi-5.0.0\poi-excelant-5.0.0.jar;D:\Download in D\poi-bin-5.0.0-20210120\poi-5.0.0\poi-integration-5.0.0.jar;D:\Download in D\poi-bin-5.0.0-20210120\poi-5.0.0\poi-ooxml-5.0.0.jar;D:\Download in D\poi-bin-5.0.0-20210120\poi-5.0.0\poi-ooxml-full-5.0.0.jar;D:\Download in D\poi-bin-5.0.0-20210120\poi-5.0.0\poi-ooxml-lite-5.0.0.jar;D:\Download in D\poi-bin-5.0.0-20210120\poi-5.0.0\poi-scratchpad-5.0.0.jar;D:\Download in D\poi-bin-5.0.0-20210120\poi-5.0.0\ooxml-lib\commons-compress-1.20.jar;D:\Download in D\poi-bin-5.0.0-20210120\poi-5.0.0\ooxml-lib\curvesapi-1.06.jar;D:\Download in D\poi-bin-5.0.0-20210120\poi-5.0.0\ooxml-lib\xmlbeans-4.0.0.jar;D:\Download in D\poi-bin-5.0.0-20210120\poi-5.0.0\lib\commons-codec-1.15.jar;D:\Download in D\poi-bin-5.0.0-20210120\poi-5.0.0\lib\commons-collections4-4.4.jar;D:\Download in D\poi-bin-5.0.0-20210120\poi-5.0.0\lib\commons-math3-3.6.1.jar;D:\Download in D\poi-bin-5.0.0-20210120\poi-5.0.0\lib\SparseBitSet-1.2.jar -XX:+ShowCodeDetailsInExceptionMessages GUI.loginGUI

Host: Intel(R) Core(TM) i5-8265U CPU @ 1.60GHz, 8 cores, 3G,  Windows 10 , 64 bit Build 19041 (10.0.19041.928)
Time: Wed May 12 22:28:15 2021 SE Asia Standard Time elapsed time: 0.118651 seconds (0d 0h 0m 0s)

---------------  T H R E A D  ---------------

Current thread (0x0000012e7c970710):  JavaThread "Unknown thread" [_thread_in_vm, id=9064, stack(0x0000001851200000,0x0000001851300000)]

Stack: [0x0000001851200000,0x0000001851300000]
Native frames: (J=compiled Java code, j=interpreted, Vv=VM code, C=native code)
V  [jvm.dll+0x62ae9a]
V  [jvm.dll+0x7817a9]
V  [jvm.dll+0x782f03]
V  [jvm.dll+0x783563]
V  [jvm.dll+0x216325]
V  [jvm.dll+0x8ebb2]
V  [jvm.dll+0x2b0975]
V  [jvm.dll+0x2a80ce]
V  [jvm.dll+0x75e241]
V  [jvm.dll+0x3341c4]
V  [jvm.dll+0x73e926]
V  [jvm.dll+0x3b7557]
V  [jvm.dll+0x3b8fe1]
C  [jli.dll+0x52fb]
C  [ucrtbase.dll+0x21bb2]
C  [KERNEL32.DLL+0x17034]
C  [ntdll.dll+0x52651]


---------------  P R O C E S S  ---------------

Threads class SMR info:
_java_thread_list=0x00007ff881924ff0, length=0, elements={
}

Java Threads: ( => current thread )

Other Threads:
  0x0000012e7c99ffa0 GCTaskThread "GC Thread#0" [stack: 0x0000001851300000,0x0000001851400000] [id=16836]

[error occurred during error reporting (printing all threads), id 0xc0000005, EXCEPTION_ACCESS_VIOLATION (0xc0000005) at pc=0x00007ff8811153a0]

VM state: not at safepoint (not fully initialized)

VM Mutex/Monitor currently owned by a thread:  ([mutex/lock_event])
[0x0000012e7c96b820] Heap_lock - owner thread: 0x0000012e7c970710

Heap address: 0x00000000c2400000, size: 988 MB, Compressed Oops mode: 32-bit
CDS archive(s) mapped at: [0x0000000000000000-0x0000000000000000-0x0000000000000000), size 0, SharedBaseAddress: 0x0000000800000000, ArchiveRelocationMode: 0.
Narrow klass base: 0x0000000000000000, Narrow klass shift: 0, Narrow klass range: 0x0

Heap:
 garbage-first heap   total 0K, used 0K [0x00000000c2400000, 0x0000000100000000)
  region size 1024K, 0 young (0K), 0 survivors (0K)
 Metaspace       used 0K, capacity 0K, committed 0K, reserved 0K
  class space    used 0K, capacity 0K, committed 0K, reserved 0K

Heap Regions: E=young(eden), S=young(survivor), O=old, HS=humongous(starts), HC=humongous(continues), CS=collection set, F=free, OA=open archive, CA=closed archive, TAMS=top-at-mark-start (previous, next)

Card table byte_map: [0x0000012e135c0000,0x0000012e137b0000] _byte_map_base: 0x0000012e12fae000

GC Heap History (0 events):
No events

Deoptimization events (0 events):
No events

Classes unloaded (0 events):
No events

Classes redefined (0 events):
No events

Internal exceptions (0 events):
No events

Events (1 events):
Event: 0.013 Loaded shared library C:\Users\ADMIN\.p2\pool\plugins\org.eclipse.justj.openjdk.hotspot.jre.full.win32.x86_64_15.0.2.v20210201-0955\jre\bin\java.dll


Dynamic libraries:
0x00007ff7518a0000 - 0x00007ff7518ad000 	C:\Users\ADMIN\.p2\pool\plugins\org.eclipse.justj.openjdk.hotspot.jre.full.win32.x86_64_15.0.2.v20210201-0955\jre\bin\javaw.exe
0x00007ff8d96f0000 - 0x00007ff8d98e5000 	C:\Windows\SYSTEM32\ntdll.dll
0x00007ff8d7d30000 - 0x00007ff8d7ded000 	C:\Windows\System32\KERNEL32.DLL
0x00007ff8d7320000 - 0x00007ff8d75e8000 	C:\Windows\System32\KERNELBASE.dll
0x00007ff8d7650000 - 0x00007ff8d7750000 	C:\Windows\System32\ucrtbase.dll
0x00007ff8d1960000 - 0x00007ff8d1978000 	C:\Users\ADMIN\.p2\pool\plugins\org.eclipse.justj.openjdk.hotspot.jre.full.win32.x86_64_15.0.2.v20210201-0955\jre\bin\jli.dll
0x00007ff8d1980000 - 0x00007ff8d1999000 	C:\Users\ADMIN\.p2\pool\plugins\org.eclipse.justj.openjdk.hotspot.jre.full.win32.x86_64_15.0.2.v20210201-0955\jre\bin\VCRUNTIME140.dll
0x00007ff8d7f20000 - 0x00007ff8d80c0000 	C:\Windows\System32\USER32.dll
0x00007ff8d6fe0000 - 0x00007ff8d7002000 	C:\Windows\System32\win32u.dll
0x00007ff8d6250000 - 0x00007ff8d64ea000 	C:\Windows\WinSxS\amd64_microsoft.windows.common-controls_6595b64144ccf1df_6.0.19041.844_none_ca00b6081b84eb1d\COMCTL32.dll
0x00007ff8d8120000 - 0x00007ff8d81be000 	C:\Windows\System32\msvcrt.dll
0x00007ff8d93c0000 - 0x00007ff8d93ea000 	C:\Windows\System32\GDI32.dll
0x00007ff8d7010000 - 0x00007ff8d711b000 	C:\Windows\System32\gdi32full.dll
0x00007ff8d7200000 - 0x00007ff8d729d000 	C:\Windows\System32\msvcp_win.dll
0x00007ff8d81c0000 - 0x00007ff8d81f0000 	C:\Windows\System32\IMM32.DLL
0x00007ff8d6a20000 - 0x00007ff8d6a2c000 	C:\Users\ADMIN\.p2\pool\plugins\org.eclipse.justj.openjdk.hotspot.jre.full.win32.x86_64_15.0.2.v20210201-0955\jre\bin\vcruntime140_1.dll
0x00007ff8c4250000 - 0x00007ff8c42e1000 	C:\Users\ADMIN\.p2\pool\plugins\org.eclipse.justj.openjdk.hotspot.jre.full.win32.x86_64_15.0.2.v20210201-0955\jre\bin\msvcp140.dll
0x00007ff880e60000 - 0x00007ff8819be000 	C:\Users\ADMIN\.p2\pool\plugins\org.eclipse.justj.openjdk.hotspot.jre.full.win32.x86_64_15.0.2.v20210201-0955\jre\bin\server\jvm.dll
0x00007ff8d92f0000 - 0x00007ff8d939c000 	C:\Windows\System32\ADVAPI32.dll
0x00007ff8d85f0000 - 0x00007ff8d868b000 	C:\Windows\System32\sechost.dll
0x00007ff8d9150000 - 0x00007ff8d927b000 	C:\Windows\System32\RPCRT4.dll
0x00007ff8d8690000 - 0x00007ff8d8698000 	C:\Windows\System32\PSAPI.DLL
0x00007ff8c5430000 - 0x00007ff8c5457000 	C:\Windows\SYSTEM32\WINMM.dll
0x00007ff8d00d0000 - 0x00007ff8d00d9000 	C:\Windows\SYSTEM32\WSOCK32.dll
0x00007ff8ceca0000 - 0x00007ff8cecaa000 	C:\Windows\SYSTEM32\VERSION.dll
0x00007ff8d9280000 - 0x00007ff8d92eb000 	C:\Windows\System32\WS2_32.dll
0x00007ff8d50b0000 - 0x00007ff8d50c2000 	C:\Windows\SYSTEM32\kernel.appcore.dll
0x00007ff8d00b0000 - 0x00007ff8d00ba000 	C:\Users\ADMIN\.p2\pool\plugins\org.eclipse.justj.openjdk.hotspot.jre.full.win32.x86_64_15.0.2.v20210201-0955\jre\bin\jimage.dll
0x00007ff8d67c0000 - 0x00007ff8d69a4000 	C:\Windows\SYSTEM32\DBGHELP.DLL
0x00007ff8d65f0000 - 0x00007ff8d661c000 	C:\Windows\SYSTEM32\dbgcore.DLL
0x00007ff8d72a0000 - 0x00007ff8d7320000 	C:\Windows\System32\bcryptPrimitives.dll
0x00007ff8d0080000 - 0x00007ff8d00a5000 	C:\Users\ADMIN\.p2\pool\plugins\org.eclipse.justj.openjdk.hotspot.jre.full.win32.x86_64_15.0.2.v20210201-0955\jre\bin\java.dll

dbghelp: loaded successfully - version: 4.0.5 - missing functions: none
symbol engine: initialized successfully - sym options: 0x614 - pdb path: .;C:\Users\ADMIN\.p2\pool\plugins\org.eclipse.justj.openjdk.hotspot.jre.full.win32.x86_64_15.0.2.v20210201-0955\jre\bin;C:\Windows\SYSTEM32;C:\Windows\WinSxS\amd64_microsoft.windows.common-controls_6595b64144ccf1df_6.0.19041.844_none_ca00b6081b84eb1d;C:\Users\ADMIN\.p2\pool\plugins\org.eclipse.justj.openjdk.hotspot.jre.full.win32.x86_64_15.0.2.v20210201-0955\jre\bin\server

VM Arguments:
jvm_args: -Dfile.encoding=UTF-8 --module-path=D:\Users\ASUS\eclipse-workspace\PTTKHTTT\LIB\mysql-connector-java-5.1.23-bin.jar;D:\Download in D\poi-bin-5.0.0-20210120\poi-5.0.0\poi-5.0.0.jar;D:\Download in D\poi-bin-5.0.0-20210120\poi-5.0.0\poi-examples-5.0.0.jar;D:\Download in D\poi-bin-5.0.0-20210120\poi-5.0.0\poi-excelant-5.0.0.jar;D:\Download in D\poi-bin-5.0.0-20210120\poi-5.0.0\poi-integration-5.0.0.jar;D:\Download in D\poi-bin-5.0.0-20210120\poi-5.0.0\poi-ooxml-5.0.0.jar;D:\Download in D\poi-bin-5.0.0-20210120\poi-5.0.0\poi-ooxml-full-5.0.0.jar;D:\Download in D\poi-bin-5.0.0-20210120\poi-5.0.0\poi-ooxml-lite-5.0.0.jar;D:\Download in D\poi-bin-5.0.0-20210120\poi-5.0.0\poi-scratchpad-5.0.0.jar;D:\Download in D\poi-bin-5.0.0-20210120\poi-5.0.0\ooxml-lib\commons-compress-1.20.jar;D:\Download in D\poi-bin-5.0.0-20210120\poi-5.0.0\ooxml-lib\curvesapi-1.06.jar;D:\Download in D\poi-bin-5.0.0-20210120\poi-5.0.0\ooxml-lib\xmlbeans-4.0.0.jar;D:\Download in D\poi-bin-5.0.0-20210120\poi-5.0.0\lib\commons-codec-1.15.jar;D:\Download in D\poi-bin-5.0.0-20210120\poi-5.0.0\lib\commons-collections4-4.4.jar;D:\Download in D\poi-bin-5.0.0-20210120\poi-5.0.0\lib\commons-math3-3.6.1.jar;D:\Download in D\poi-bin-5.0.0-20210120\poi-5.0.0\lib\SparseBitSet-1.2.jar -XX:+ShowCodeDetailsInExceptionMessages 
java_command: GUI.loginGUI
java_class_path (initial): D:\Users\ASUS\eclipse-workspace\PTTKHTTT\bin
Launcher Type: SUN_STANDARD

[Global flags]
     intx CICompilerCount                          = 4                                         {product} {ergonomic}
     uint ConcGCThreads                            = 2                                         {product} {ergonomic}
     uint G1ConcRefinementThreads                  = 8                                         {product} {ergonomic}
   size_t G1HeapRegionSize                         = 1048576                                   {product} {ergonomic}
    uintx GCDrainStackTargetSize                   = 64                                        {product} {ergonomic}
   size_t InitialHeapSize                          = 65011712                                  {product} {ergonomic}
   size_t MarkStackSize                            = 4194304                                   {product} {ergonomic}
   size_t MaxHeapSize                              = 1035993088                                {product} {ergonomic}
   size_t MinHeapDeltaBytes                        = 1048576                                   {product} {ergonomic}
   size_t MinHeapSize                              = 8388608                                   {product} {ergonomic}
    uintx NonNMethodCodeHeapSize                   = 5839372                                {pd product} {ergonomic}
    uintx NonProfiledCodeHeapSize                  = 122909434                              {pd product} {ergonomic}
    uintx ProfiledCodeHeapSize                     = 122909434                              {pd product} {ergonomic}
    uintx ReservedCodeCacheSize                    = 251658240                              {pd product} {ergonomic}
     bool SegmentedCodeCache                       = true                                      {product} {ergonomic}
     bool ShowCodeDetailsInExceptionMessages       = true                                   {manageable} {command line}
   size_t SoftMaxHeapSize                          = 1035993088                             {manageable} {ergonomic}
     bool UseCompressedClassPointers               = true                                 {lp64_product} {ergonomic}
     bool UseCompressedOops                        = true                                 {lp64_product} {ergonomic}
     bool UseG1GC                                  = true                                      {product} {ergonomic}
     bool UseLargePagesIndividualAllocation        = false                                  {pd product} {ergonomic}

Logging:
Log output configuration:
 #0: stdout all=warning uptime,level,tags
 #1: stderr all=off uptime,level,tags

Environment Variables:
PATH=C:/Users/ADMIN/.p2/pool/plugins/org.eclipse.justj.openjdk.hotspot.jre.full.win32.x86_64_15.0.2.v20210201-0955/jre/bin/server;C:/Users/ADMIN/.p2/pool/plugins/org.eclipse.justj.openjdk.hotspot.jre.full.win32.x86_64_15.0.2.v20210201-0955/jre/bin;C:\Windows\system32;C:\Windows;C:\Windows\System32\Wbem;C:\Windows\System32\WindowsPowerShell\v1.0\;C:\Windows\System32\OpenSSH\;C:\Users\ADMIN\AppData\Local\Microsoft\WindowsApps;;C:\Users\ADMIN\Desktop;
USERNAME=ADMIN
OS=Windows_NT
PROCESSOR_IDENTIFIER=Intel64 Family 6 Model 142 Stepping 11, GenuineIntel



---------------  S Y S T E M  ---------------

OS:
 Windows 10 , 64 bit Build 19041 (10.0.19041.928)
OS uptime: 4 days 5:56 hours

CPU: total 8 (initial active 8) (4 cores per cpu, 2 threads per core) family 6 model 142 stepping 11 microcode 0xde, cmov, cx8, fxsr, mmx, sse, sse2, sse3, ssse3, sse4.1, sse4.2, popcnt, vzeroupper, avx, avx2, aes, clmul, erms, 3dnowpref, lzcnt, ht, tsc, tscinvbit, bmi1, bmi2, adx, fma, clflush, clflushopt

Memory: 4k page, system-wide physical 3947M (406M free)
TotalPageFile size 16235M (AvailPageFile size 1M)
current process WorkingSet (physical memory assigned to process): 9M, peak: 9M
current process commit charge ("private bytes"): 57M, peak: 58M

vm_info: OpenJDK 64-Bit Server VM (15.0.2+7-27) for windows-amd64 JRE (15.0.2+7-27), built on Dec  7 2020 20:02:38 by "mach5one" with unknown MS VC++:1925

END.
